TN:
SF:/Users/Evernym/Desktop/ex/timeTable/client/modules/App/App.js
FN:24,App
FN:79,mapStateToProps
FNF:2
FNH:1
FNDA:6,App
FNDA:0,mapStateToProps
DA:18,3
DA:24,3
DA:30,6
DA:79,3
LF:4
LH:4
BRDA:18,1,0,0
BRDA:18,1,1,3
BRDA:24,2,0,6
BRDA:24,2,1,0
BRDA:40,3,0,12
BRDA:40,3,1,6
BRDA:40,3,2,6
BRDA:40,3,3,0
BRF:8
BRH:5
end_of_record
TN:
SF:/Users/Evernym/Desktop/ex/timeTable/client/modules/App/components/Header/Header.js
FN:9,Header
FNF:1
FNH:1
FNDA:10,Header
DA:9,5
LF:1
LH:1
BRDA:11,1,0,10
BRDA:11,1,1,10
BRDA:28,2,0,8
BRF:3
BRH:3
end_of_record
TN:
SF:/Users/Evernym/Desktop/ex/timeTable/client/modules/App/components/Footer/Footer.js
FN:10,Footer
FNF:1
FNH:1
FNDA:6,Footer
DA:10,5
LF:1
LH:1
BRF:0
BRH:0
end_of_record
TN:
SF:/Users/Evernym/Desktop/ex/timeTable/client/modules/App/AppActions.js
FN:5,toggleAddPost
FNF:1
FNH:1
FNDA:8,toggleAddPost
DA:5,7
LF:1
LH:1
BRF:0
BRH:0
end_of_record
TN:
SF:/Users/Evernym/Desktop/ex/timeTable/client/modules/Intl/IntlActions.js
FN:6,switchLanguage
FNF:1
FNH:1
FNDA:4,switchLanguage
DA:6,7
LF:1
LH:1
BRF:0
BRH:0
end_of_record
TN:
SF:/Users/Evernym/Desktop/ex/timeTable/client/util/react-intl-test-helper.js
FN:22,nodeWithIntlProp
FN:26,shallowWithIntl
FN:30,mountWithIntl
FNF:3
FNH:3
FNDA:16,nodeWithIntlProp
FNDA:6,shallowWithIntl
FNDA:10,mountWithIntl
LF:0
LH:0
BRF:0
BRH:0
end_of_record
TN:
SF:/Users/Evernym/Desktop/ex/timeTable/client/modules/App/AppReducer.js
FN:9,AppReducer
FNF:1
FNH:1
FNDA:4,AppReducer
LF:0
LH:0
BRDA:9,1,0,2
BRDA:9,1,1,2
BRDA:9,2,0,4
BRDA:9,2,1,4
BRDA:11,3,0,2
BRDA:11,3,1,2
BRF:6
BRH:6
end_of_record
TN:
SF:/Users/Evernym/Desktop/ex/timeTable/client/modules/Intl/IntlReducer.js
FN:12,IntlReducer
FNF:1
FNH:1
FNDA:4,IntlReducer
DA:14,2
LF:1
LH:1
BRDA:4,1,0,3
BRDA:4,1,1,3
BRDA:4,1,2,0
BRDA:9,2,0,3
BRDA:9,2,1,3
BRDA:12,3,0,2
BRDA:12,3,1,2
BRDA:12,4,0,4
BRDA:12,4,1,4
BRDA:14,5,0,2
BRDA:14,5,1,2
BRF:11
BRH:10
end_of_record
TN:
SF:/Users/Evernym/Desktop/ex/timeTable/client/modules/Post/components/PostCreateWidget/PostCreateWidget.js
FNF:0
FNH:0
DA:13,4
LF:1
LH:1
BRDA:13,1,0,2
BRDA:13,1,1,2
BRDA:13,2,0,4
BRDA:13,2,1,2
BRDA:13,2,2,2
BRDA:20,3,0,10
BRDA:20,3,1,2
BRF:7
BRH:7
end_of_record
TN:
SF:/Users/Evernym/Desktop/ex/timeTable/client/modules/Post/components/PostList.js
FN:8,PostList
FNF:1
FNH:1
FNDA:2,PostList
DA:8,2
LF:1
LH:1
BRDA:11,1,0,2
BRF:1
BRH:1
end_of_record
TN:
SF:/Users/Evernym/Desktop/ex/timeTable/client/modules/Post/components/PostListItem/PostListItem.js
FN:9,PostListItem
FNF:1
FNH:1
FNDA:6,PostListItem
DA:9,4
LF:1
LH:1
BRF:0
BRH:0
end_of_record
TN:
SF:/Users/Evernym/Desktop/ex/timeTable/client/modules/Post/PostActions.js
FN:9,addPost
FN:16,addPostRequest
FN:17,(anonymous_4)
FN:28,addPosts
FN:35,fetchPosts
FN:36,(anonymous_8)
FN:37,(anonymous_9)
FN:43,fetchPost
FN:44,(anonymous_11)
FN:49,deletePost
FN:56,deletePostRequest
FN:57,(anonymous_15)
FNF:12
FNH:3
FNDA:4,addPost
FNDA:0,addPostRequest
FNDA:0,(anonymous_4)
FNDA:4,addPosts
FNDA:0,fetchPosts
FNDA:0,(anonymous_8)
FNDA:0,(anonymous_9)
FNDA:0,fetchPost
FNDA:0,(anonymous_11)
FNDA:4,deletePost
FNDA:0,deletePostRequest
FNDA:0,(anonymous_15)
DA:9,5
DA:16,5
DA:28,5
DA:35,5
DA:43,5
DA:49,5
DA:56,5
LF:7
LH:7
BRF:0
BRH:0
end_of_record
TN:
SF:/Users/Evernym/Desktop/ex/timeTable/client/util/apiCaller.js
FN:8,callApi
FN:15,(anonymous_5)
FNF:2
FNH:2
FNDA:6,callApi
FNDA:6,(anonymous_5)
DA:8,7
DA:16,6
LF:2
LH:2
BRDA:5,1,0,7
BRDA:5,1,1,0
BRDA:4,2,0,7
BRDA:4,2,1,7
BRDA:5,3,0,7
BRDA:5,3,1,7
BRDA:5,4,0,7
BRDA:5,4,1,0
BRDA:8,5,0,2
BRDA:8,5,1,4
BRDA:8,6,0,6
BRDA:8,6,1,2
BRDA:16,7,0,2
BRDA:16,7,1,4
BRF:14
BRH:12
end_of_record
TN:
SF:/Users/Evernym/Desktop/ex/timeTable/client/modules/Post/PostReducer.js
FN:6,PostReducer
FNF:1
FNH:1
FNDA:8,PostReducer
LF:0
LH:0
BRDA:6,1,0,6
BRDA:6,1,1,2
BRDA:6,2,0,8
BRDA:6,2,1,8
BRDA:8,3,0,2
BRDA:8,3,1,2
BRDA:8,3,2,2
BRDA:8,3,3,2
BRF:8
BRH:8
end_of_record
TN:
SF:/Users/Evernym/Desktop/ex/timeTable/server/server.js
FN:60,(anonymous_2)
FN:80,renderFullPage
FN:128,renderError
FN:140,(anonymous_5)
FN:141,(anonymous_6)
FN:160,(anonymous_7)
FN:180,(anonymous_9)
FNF:7
FNH:0
FNDA:0,(anonymous_2)
FNDA:0,renderFullPage
FNDA:0,renderError
FNDA:0,(anonymous_5)
FNDA:0,(anonymous_6)
FNDA:0,(anonymous_7)
FNDA:0,(anonymous_9)
DA:16,1
DA:59,1
DA:61,0
DA:62,0
DA:142,0
DA:146,0
DA:153,0
DA:181,0
DA:182,0
LF:9
LH:2
BRDA:12,1,0,1
BRDA:12,1,1,1
BRDA:13,2,0,1
BRDA:13,2,1,1
BRDA:16,3,0,0
BRDA:16,3,1,1
BRDA:59,4,0,0
BRDA:59,4,1,1
BRDA:61,5,0,0
BRDA:61,5,1,0
BRDA:85,6,0,0
BRDA:85,6,1,0
BRDA:87,7,0,0
BRDA:87,7,1,0
BRDA:99,8,0,0
BRDA:99,8,1,0
BRDA:107,9,0,0
BRDA:107,9,1,0
BRDA:111,10,0,0
BRDA:111,10,1,0
BRDA:118,11,0,0
BRDA:118,11,1,0
BRDA:121,12,0,0
BRDA:121,12,1,0
BRDA:130,13,0,0
BRDA:130,13,1,0
BRDA:142,14,0,0
BRDA:142,14,1,0
BRDA:146,15,0,0
BRDA:146,15,1,0
BRDA:153,16,0,0
BRDA:153,16,1,0
BRDA:181,17,0,0
BRDA:181,17,1,0
BRF:34
BRH:6
end_of_record
TN:
SF:/Users/Evernym/Desktop/ex/timeTable/client/modules/Intl/IntlWrapper.js
FN:6,IntlWrapper
FN:20,mapStateToProps
FNF:2
FNH:0
FNDA:0,IntlWrapper
FNDA:0,mapStateToProps
DA:6,1
DA:20,1
LF:2
LH:2
BRF:0
BRH:0
end_of_record
TN:
SF:/Users/Evernym/Desktop/ex/timeTable/server/util/fetchData.js
FN:7,fetchComponentData
FN:8,(anonymous_2)
FNF:2
FNH:0
FNDA:0,fetchComponentData
FNDA:0,(anonymous_2)
LF:0
LH:0
BRDA:9,1,0,0
BRDA:9,1,1,0
BRDA:10,2,0,0
BRDA:10,2,1,0
BRDA:10,3,0,0
BRDA:10,3,1,0
BRDA:10,4,0,0
BRDA:10,4,1,0
BRF:8
BRH:0
end_of_record
TN:
SF:/Users/Evernym/Desktop/ex/timeTable/server/util/promiseUtils.js
FN:5,sequence
FN:7,runner
FN:11,(anonymous_3)
FNF:3
FNH:0
FNDA:0,sequence
FNDA:0,runner
FNDA:0,(anonymous_3)
DA:5,1
DA:9,0
LF:2
LH:1
BRDA:9,1,0,0
BRDA:9,1,1,0
BRF:2
BRH:0
end_of_record
TN:
SF:/Users/Evernym/Desktop/ex/timeTable/server/routes/post.routes.js
FNF:0
FNH:0
LF:0
LH:0
BRF:0
BRH:0
end_of_record
TN:
SF:/Users/Evernym/Desktop/ex/timeTable/server/controllers/post.controller.js
FN:12,getPosts
FN:15,(anonymous_3)
FN:23,getEvents
FN:35,addPost
FN:49,(anonymous_6)
FN:63,getPost
FN:64,(anonymous_8)
FN:78,deletePost
FN:79,(anonymous_10)
FN:84,(anonymous_11)
FNF:10
FNH:0
FNDA:0,getPosts
FNDA:0,(anonymous_3)
FNDA:0,getEvents
FNDA:0,addPost
FNDA:0,(anonymous_6)
FNDA:0,getPost
FNDA:0,(anonymous_8)
FNDA:0,deletePost
FNDA:0,(anonymous_10)
FNDA:0,(anonymous_11)
DA:12,1
DA:16,0
DA:23,1
DA:35,1
DA:36,0
DA:50,0
DA:63,1
DA:65,0
DA:78,1
DA:80,0
LF:10
LH:5
BRDA:16,1,0,0
BRDA:16,1,1,0
BRDA:36,2,0,0
BRDA:36,2,1,0
BRDA:36,3,0,0
BRDA:36,3,1,0
BRDA:36,3,2,0
BRDA:50,4,0,0
BRDA:50,4,1,0
BRDA:65,5,0,0
BRDA:65,5,1,0
BRDA:80,6,0,0
BRDA:80,6,1,0
BRF:13
BRH:0
end_of_record
TN:
SF:/Users/Evernym/Desktop/ex/timeTable/server/models/post.js
FNF:0
FNH:0
LF:0
LH:0
BRF:0
BRH:0
end_of_record
TN:
SF:/Users/Evernym/Desktop/ex/timeTable/server/api/api.routes.js
FNF:0
FNH:0
LF:0
LH:0
BRF:0
BRH:0
end_of_record
